c:\users\timmy\documents\snhu\cs-330\multipleobjectsexample\debug\vc143.pdb
c:\users\timmy\documents\snhu\cs-330\multipleobjectsexample\debug\vc143.idb
c:\users\timmy\documents\snhu\cs-330\multipleobjectsexample\debug\vertexbufferobject.obj
c:\users\timmy\documents\snhu\cs-330\multipleobjectsexample\debug\staticmeshindexed3d.obj
c:\users\timmy\documents\snhu\cs-330\multipleobjectsexample\debug\staticmesh3d.obj
c:\users\timmy\documents\snhu\cs-330\multipleobjectsexample\debug\source.obj
c:\users\timmy\documents\snhu\cs-330\multipleobjectsexample\debug\shader.obj
c:\users\timmy\documents\snhu\cs-330\multipleobjectsexample\debug\cylinder.obj
c:\users\timmy\documents\snhu\cs-330\multipleobjectsexample\debug\glad.obj
c:\users\timmy\documents\snhu\cs-330\week_4\longo_cs-330_4-5\debug\vc143.pdb
c:\users\timmy\documents\snhu\cs-330\week_4\longo_cs-330_4-5\debug\vc143.idb
c:\users\timmy\documents\snhu\cs-330\week_4\longo_cs-330_4-5\debug\vertexbufferobject.obj
c:\users\timmy\documents\snhu\cs-330\week_4\longo_cs-330_4-5\debug\staticmeshindexed3d.obj
c:\users\timmy\documents\snhu\cs-330\week_4\longo_cs-330_4-5\debug\staticmesh3d.obj
c:\users\timmy\documents\snhu\cs-330\week_4\longo_cs-330_4-5\debug\source.obj
c:\users\timmy\documents\snhu\cs-330\week_4\longo_cs-330_4-5\debug\shader.obj
c:\users\timmy\documents\snhu\cs-330\week_4\longo_cs-330_4-5\debug\cylinder.obj
c:\users\timmy\documents\snhu\cs-330\week_4\longo_cs-330_4-5\debug\glad.obj
c:\users\timmy\documents\snhu\cs-330\week_5\longo_cs-330_5-3\debug\vc143.pdb
c:\users\timmy\documents\snhu\cs-330\week_5\longo_cs-330_5-3\debug\vc143.idb
c:\users\timmy\documents\snhu\cs-330\week_5\longo_cs-330_5-3\debug\vertexbufferobject.obj
c:\users\timmy\documents\snhu\cs-330\week_5\longo_cs-330_5-3\debug\staticmeshindexed3d.obj
c:\users\timmy\documents\snhu\cs-330\week_5\longo_cs-330_5-3\debug\staticmesh3d.obj
c:\users\timmy\documents\snhu\cs-330\week_5\longo_cs-330_5-3\debug\source.obj
c:\users\timmy\documents\snhu\cs-330\week_5\longo_cs-330_5-3\debug\shader.obj
c:\users\timmy\documents\snhu\cs-330\week_5\longo_cs-330_5-3\debug\cylinder.obj
c:\users\timmy\documents\snhu\cs-330\week_5\longo_cs-330_5-3\debug\glad.obj
c:\users\timmy\documents\snhu\cs-330\multipleobjectsexample\debug\multipleobjects.ilk
c:\users\timmy\documents\snhu\cs-330\multipleobjectsexample\debug\multipleobjects.exe
c:\users\timmy\documents\snhu\cs-330\multipleobjectsexample\debug\multipleobjects.pdb
c:\users\timmy\documents\snhu\cs-330\week_4\longo_cs-330_4-5\debug\multipleobjects.exe
c:\users\timmy\documents\snhu\cs-330\week_4\longo_cs-330_4-5\debug\multipleobjects.ilk
c:\users\timmy\documents\snhu\cs-330\week_4\longo_cs-330_4-5\debug\multipleobjects.pdb
c:\users\timmy\documents\snhu\cs-330\week_5\longo_cs-330_5-3\debug\multipleobjects.exe
c:\users\timmy\documents\snhu\cs-330\week_5\longo_cs-330_5-3\debug\multipleobjects.ilk
c:\users\timmy\documents\snhu\cs-330\week_5\longo_cs-330_5-3\debug\multipleobjects.pdb
c:\users\timmy\documents\snhu\cs-330\week_5\longo_cs-330_5-3\debug\multipleobjects.tlog\cl.command.1.tlog
c:\users\timmy\documents\snhu\cs-330\week_5\longo_cs-330_5-3\debug\multipleobjects.tlog\cl.read.1.tlog
c:\users\timmy\documents\snhu\cs-330\week_5\longo_cs-330_5-3\debug\multipleobjects.tlog\cl.write.1.tlog
c:\users\timmy\documents\snhu\cs-330\week_5\longo_cs-330_5-3\debug\multipleobjects.tlog\link.command.1.tlog
c:\users\timmy\documents\snhu\cs-330\week_5\longo_cs-330_5-3\debug\multipleobjects.tlog\link.read.1.tlog
c:\users\timmy\documents\snhu\cs-330\week_5\longo_cs-330_5-3\debug\multipleobjects.tlog\link.write.1.tlog
