C:\Program Files\Microsoft Visual Studio\2022\Community\MSBuild\Microsoft\VC\v170\Microsoft.CppBuild.targets(534,5): warning MSB8028: The intermediate directory (Debug\) contains files shared from another project (OpenGLSample.vcxproj).  This can lead to incorrect clean and rebuild behavior.
  cylinder.cpp
  shader.cpp
  Source.cpp
C:\Users\Timmy\Documents\ALL_CODING_PROJECTS\C++\C++_GRAPHIC_COFFEE_TABLE\shader.h(57,34): warning C4101: 'e': unreferenced local variable
C:\Users\Timmy\Documents\ALL_CODING_PROJECTS\C++\C++_GRAPHIC_COFFEE_TABLE\Source.cpp(634,22): warning C4244: 'initializing': conversion from 'double' to 'float', possible loss of data
C:\Users\Timmy\Documents\ALL_CODING_PROJECTS\C++\C++_GRAPHIC_COFFEE_TABLE\Source.cpp(791,76): warning C4305: 'argument': truncation from 'double' to 'float'
C:\Users\Timmy\Documents\ALL_CODING_PROJECTS\C++\C++_GRAPHIC_COFFEE_TABLE\Source.cpp(813,76): warning C4305: 'argument': truncation from 'double' to 'float'
C:\Users\Timmy\Documents\ALL_CODING_PROJECTS\C++\C++_GRAPHIC_COFFEE_TABLE\Source.cpp(830,70): warning C4305: 'argument': truncation from 'double' to 'float'
C:\Users\Timmy\Documents\ALL_CODING_PROJECTS\C++\C++_GRAPHIC_COFFEE_TABLE\Source.cpp(837,70): warning C4305: 'argument': truncation from 'double' to 'float'
C:\Users\Timmy\Documents\ALL_CODING_PROJECTS\C++\C++_GRAPHIC_COFFEE_TABLE\Source.cpp(851,75): warning C4305: 'argument': truncation from 'double' to 'float'
C:\Users\Timmy\Documents\ALL_CODING_PROJECTS\C++\C++_GRAPHIC_COFFEE_TABLE\Source.cpp(859,72): warning C4305: 'argument': truncation from 'double' to 'float'
C:\Users\Timmy\Documents\ALL_CODING_PROJECTS\C++\C++_GRAPHIC_COFFEE_TABLE\Source.cpp(867,71): warning C4305: 'argument': truncation from 'double' to 'float'
C:\Users\Timmy\Documents\ALL_CODING_PROJECTS\C++\C++_GRAPHIC_COFFEE_TABLE\Source.cpp(887,76): warning C4305: 'argument': truncation from 'double' to 'float'
C:\Users\Timmy\Documents\ALL_CODING_PROJECTS\C++\C++_GRAPHIC_COFFEE_TABLE\Source.cpp(895,72): warning C4305: 'argument': truncation from 'double' to 'float'
C:\Users\Timmy\Documents\ALL_CODING_PROJECTS\C++\C++_GRAPHIC_COFFEE_TABLE\Source.cpp(946,73): warning C4305: 'argument': truncation from 'double' to 'float'
C:\Users\Timmy\Documents\ALL_CODING_PROJECTS\C++\C++_GRAPHIC_COFFEE_TABLE\Source.cpp(1010,25): warning C4305: 'initializing': truncation from 'double' to 'float'
C:\Users\Timmy\Documents\ALL_CODING_PROJECTS\C++\C++_GRAPHIC_COFFEE_TABLE\Source.cpp(1064,11): warning C4244: '=': conversion from 'double' to 'float', possible loss of data
C:\Users\Timmy\Documents\ALL_CODING_PROJECTS\C++\C++_GRAPHIC_COFFEE_TABLE\Source.cpp(1065,11): warning C4244: '=': conversion from 'double' to 'float', possible loss of data
C:\Users\Timmy\Documents\ALL_CODING_PROJECTS\C++\C++_GRAPHIC_COFFEE_TABLE\Source.cpp(1069,16): warning C4244: 'initializing': conversion from 'double' to 'float', possible loss of data
C:\Users\Timmy\Documents\ALL_CODING_PROJECTS\C++\C++_GRAPHIC_COFFEE_TABLE\Source.cpp(1070,16): warning C4244: 'initializing': conversion from 'double' to 'float', possible loss of data
C:\Users\Timmy\Documents\ALL_CODING_PROJECTS\C++\C++_GRAPHIC_COFFEE_TABLE\Source.cpp(1071,10): warning C4244: '=': conversion from 'double' to 'float', possible loss of data
C:\Users\Timmy\Documents\ALL_CODING_PROJECTS\C++\C++_GRAPHIC_COFFEE_TABLE\Source.cpp(1072,10): warning C4244: '=': conversion from 'double' to 'float', possible loss of data
C:\Users\Timmy\Documents\ALL_CODING_PROJECTS\C++\C++_GRAPHIC_COFFEE_TABLE\Source.cpp(1105,31): warning C4244: '+=': conversion from 'double' to 'float', possible loss of data
C:\Users\Timmy\Documents\ALL_CODING_PROJECTS\C++\C++_GRAPHIC_COFFEE_TABLE\Source.cpp(1107,21): warning C4305: '=': truncation from 'double' to 'float'
C:\Users\Timmy\Documents\ALL_CODING_PROJECTS\C++\C++_GRAPHIC_COFFEE_TABLE\Source.cpp(1110,20): warning C4305: '=': truncation from 'double' to 'float'
  staticMesh3D.cpp
  staticMeshIndexed3D.cpp
  vertexBufferObject.cpp
  Generating Code...
  glad.c
LINK : warning LNK4098: defaultlib 'MSVCRT' conflicts with use of other libs; use /NODEFAULTLIB:library
  OpenGLSample.vcxproj -> C:\Users\Timmy\Documents\ALL_CODING_PROJECTS\C++\C++_GRAPHIC_COFFEE_TABLE\Debug\MultipleObjects.exe
